{"logTime": "0213/145041", "correlationVector":"hTDofEUAMgeyB3dxKuAfML.1","action":"SyncServerConnectionManagerRequest", "result":"SYNC_SERVER_OK", "context":{"environment":"Prod_francecentral_prod-s01-062-eur-francecentral", "migrationStage":"NotStarted", "server":"akswtt11200000p"}}
{"logTime": "0213/145041", "correlationVector":"hTDofEUAMgeyB3dxKuAfML.2","action":"ProcessGetUpdates", "result":"Done", "context":{"dataType":"Encryption Keys", "deleted":"0", "process_failed_to_decrypt":"0", "process_pending_decryption":"0", "process_success":"1", "total":"1"}}
{"logTime": "0213/145042", "correlationVector":"YZ0WiQhXbDnOJky5kIb5Mh","action":"SyncServerConnectionManagerRequest", "result":"SYNC_SERVER_ERROR", "context":{"environment":"", "error_type":"http_status_code", "error_value":"400", "migrationStage":"", "server":""}}
{"logTime": "0213/145042", "correlationVector":"hTDofEUAMgeyB3dxKuAfML","action":"Initial GetUpdates", "result":"", "context":Reason: NEW_CLIENT. cV=hTDofEUAMgeyB3dxKuAfML}
{"logTime": "0213/145042", "correlationVector":"hTDofEUAMgeyB3dxKuAfML.3","action":"GetUpdates Response", "result":"Success", "context":Received 1 update(s). cV=hTDofEUAMgeyB3dxKuAfML.0;server=akswtt11200000p;cloudType=Consumer;environment=Prod_francecentral_prod-s01-062-eur-francecentral;migrationStage=NotStarted}
{"logTime": "0213/145042", "correlationVector":"vz3TmatLvQjbiY02a7vclg","action":"Initial GetUpdates", "result":"", "context":Reason: NEW_CLIENT. cV=vz3TmatLvQjbiY02a7vclg}
{"logTime": "0213/145042", "correlationVector":"vz3TmatLvQjbiY02a7vclg.1","action":"SyncServerConnectionManagerRequest", "result":"SYNC_SERVER_OK", "context":{"environment":"Prod_francecentral_prod-s01-062-eur-francecentral", "migrationStage":"NotStarted", "server":"akswtt112000000"}}
{"logTime": "0213/145042", "correlationVector":"vz3TmatLvQjbiY02a7vclg.2","action":"ProcessGetUpdates", "result":"Done", "context":{"dataType":"Device Info", "deleted":"0", "process_failed_to_decrypt":"0", "process_pending_decryption":"0", "process_success":"4", "total":"4"}}
{"logTime": "0213/145042", "correlationVector":"vz3TmatLvQjbiY02a7vclg.3","action":"GetUpdates Response", "result":"Success", "context":Received 4 update(s). cV=vz3TmatLvQjbiY02a7vclg.0;server=akswtt112000000;cloudType=Consumer;environment=Prod_francecentral_prod-s01-062-eur-francecentral;migrationStage=NotStarted}
{"logTime": "0213/145042", "correlationVector":"FLwSJhN8lWhcHDwdt33ktA","action":"SyncServerConnectionManagerRequest", "result":"SYNC_SERVER_ERROR", "context":{"environment":"", "error_type":"http_status_code", "error_value":"400", "migrationStage":"", "server":""}}
{"logTime": "0213/145042", "correlationVector":"leLMY7vjYrD0EeH+lA1loc","action":"Initial GetUpdates", "result":"", "context":Reason: NEW_CLIENT. cV=leLMY7vjYrD0EeH+lA1loc}
{"logTime": "0213/145043", "correlationVector":"leLMY7vjYrD0EeH+lA1loc.1","action":"SyncServerConnectionManagerRequest", "result":"SYNC_SERVER_OK", "context":{"environment":"Prod_francecentral_prod-s01-062-eur-francecentral", "migrationStage":"NotStarted", "server":"akswtt112000004"}}
{"logTime": "0213/145043", "correlationVector":"leLMY7vjYrD0EeH+lA1loc.2","action":"GetUpdates Response", "result":"Success", "context":Received 0 update(s). cV=leLMY7vjYrD0EeH+lA1loc.0;server=akswtt112000004;cloudType=Consumer;environment=Prod_francecentral_prod-s01-062-eur-francecentral;migrationStage=NotStarted}
{"logTime": "0213/145044", "correlationVector":"T/q4U6bZCTLPMugJesyPIa","action":"SyncServerConnectionManagerRequest", "result":"SYNC_SERVER_ERROR", "context":{"environment":"", "error_type":"http_status_code", "error_value":"400", "migrationStage":"", "server":""}}
{"logTime": "0213/145044", "correlationVector":"raScODzX/U8QfeZEWk+ZGV","action":"Normal GetUpdate request", "result":"", "context":cV=raScODzX/U8QfeZEWk+ZGV
Nudged types: Device Info, User Consents
Refresh requested types: Extensions, Extension settings, Device Info, User Consents, Send Tab To Self, Web Apps, Saved Tab Group, WebAuthn Credentials, Encryption Keys}
{"logTime": "0213/145044", "correlationVector":"raScODzX/U8QfeZEWk+ZGV.1","action":"SyncServerConnectionManagerRequest", "result":"SYNC_SERVER_OK", "context":{"environment":"Prod_francecentral_prod-s01-062-eur-francecentral", "migrationStage":"NotStarted", "server":"akswtt11200000c"}}
{"logTime": "0213/145044", "correlationVector":"raScODzX/U8QfeZEWk+ZGV.2","action":"GetUpdates Response", "result":"Success", "context":Received 0 update(s). cV=raScODzX/U8QfeZEWk+ZGV.0;server=akswtt11200000c;cloudType=Consumer;environment=Prod_francecentral_prod-s01-062-eur-francecentral;migrationStage=NotStarted}
{"logTime": "0213/145044", "correlationVector":"MZVGaAaUjVOjCmraEa+J3v","action":"DoCompareDataConsistency requsted types: ", "result":"Extensions, Extension settings, Send Tab To Self, Web Apps, Saved Tab Group, WebAuthn Credentials, Encryption Keys"}
{"logTime": "0213/145044", "correlationVector":"MZVGaAaUjVOjCmraEa+J3v.0","action":"CompareDataConsistency result: ", "result":"Compare result: Encryption Keys is consistent. local entities count is: 1 local entities hash is: cQyN99hokSLxkYOKxxG9FRmLABk="}
{"logTime": "0213/145044", "correlationVector":"MZVGaAaUjVOjCmraEa+J3v.1","action":"CompareDataConsistency result: ", "result":"Compare result: Extensions is consistent. local entities count is: 0 local entities hash is: "}
{"logTime": "0213/145044", "correlationVector":"MZVGaAaUjVOjCmraEa+J3v.2","action":"CompareDataConsistency result: ", "result":"Compare result: Extension settings is consistent. local entities count is: 0 local entities hash is: "}
{"logTime": "0213/145044", "correlationVector":"MZVGaAaUjVOjCmraEa+J3v.3","action":"CompareDataConsistency result: ", "result":"Server did not send this Send Tab To Self local entities count is: 0 local entities hash is: "}
{"logTime": "0213/145044", "correlationVector":"MZVGaAaUjVOjCmraEa+J3v.4","action":"CompareDataConsistency result: ", "result":"Compare result: Web Apps is consistent. local entities count is: 0 local entities hash is: "}
{"logTime": "0213/145044", "correlationVector":"MZVGaAaUjVOjCmraEa+J3v.5","action":"CompareDataConsistency result: ", "result":"Compare result: Saved Tab Group is consistent. local entities count is: 0 local entities hash is: "}
{"logTime": "0213/145044", "correlationVector":"MZVGaAaUjVOjCmraEa+J3v.6","action":"CompareDataConsistency result: ", "result":"Server did not send this WebAuthn Credentials local entities count is: 0 local entities hash is: "}
{"logTime": "0213/145044", "correlationVector":"DpieakBy0KWKSSSLuwx62z","action":"Commit Request", "result":"", "context":Item count: 2
Contributing types: Device Info, User Consents}
{"logTime": "0213/145045", "correlationVector":"DpieakBy0KWKSSSLuwx62z.1","action":"SyncServerConnectionManagerRequest", "result":"SYNC_SERVER_OK", "context":{"environment":"Prod_francecentral_prod-s01-062-eur-francecentral", "migrationStage":"NotStarted", "server":"akswtt11200001a"}}
{"logTime": "0213/145045", "correlationVector":"DpieakBy0KWKSSSLuwx62z.2","action":"Commit Response", "result":"Success", "context":Result: Success. cV=DpieakBy0KWKSSSLuwx62z.0;server=akswtt11200001a;cloudType=Consumer;environment=Prod_francecentral_prod-s01-062-eur-francecentral;migrationStage=NotStarted}
{"logTime": "0213/145046", "correlationVector":"9UqEIA8qqli7OaKiHiXCPt","action":"SyncServerConnectionManagerRequest", "result":"SYNC_SERVER_ERROR", "context":{"environment":"", "error_type":"http_status_code", "error_value":"400", "migrationStage":"", "server":""}}
{"logTime": "0213/145046", "correlationVector":"","action":"DIAGNOSTIC_REQUEST|v1/diagnosticData/Diagnostic.SendCheckResult()|SUCCESS", "result":""}
{"logTime": "0213/145046", "correlationVector":"kcbrcExOjkmKrdKmCbW8XK","action":"Normal GetUpdate request", "result":"", "context":cV=kcbrcExOjkmKrdKmCbW8XK
Nudged types: Device Info
Refresh requested types: Encryption Keys}
{"logTime": "0213/145046", "correlationVector":"kcbrcExOjkmKrdKmCbW8XK.1","action":"SyncServerConnectionManagerRequest", "result":"SYNC_SERVER_OK", "context":{"environment":"Prod_francecentral_prod-s01-062-eur-francecentral", "migrationStage":"NotStarted", "server":"akswtt112000010"}}
{"logTime": "0213/145046", "correlationVector":"kcbrcExOjkmKrdKmCbW8XK.2","action":"ProcessGetUpdates", "result":"Done", "context":{"dataType":"Device Info", "deleted":"0", "process_failed_to_decrypt":"0", "process_pending_decryption":"0", "process_success":"1", "total":"1"}}
{"logTime": "0213/145046", "correlationVector":"kcbrcExOjkmKrdKmCbW8XK.3","action":"GetUpdates Response", "result":"Success", "context":Received 1 update(s). cV=kcbrcExOjkmKrdKmCbW8XK.0;server=akswtt112000010;cloudType=Consumer;environment=Prod_francecentral_prod-s01-062-eur-francecentral;migrationStage=NotStarted}
{"logTime": "0213/145047", "correlationVector":"te/KRRKExI4nVbbncW6pP9","action":"SyncServerConnectionManagerRequest", "result":"SYNC_SERVER_ERROR", "context":{"environment":"", "error_type":"http_status_code", "error_value":"400", "migrationStage":"", "server":""}}
{"logTime": "0213/145050", "correlationVector":"e1sTWSYzdFqOVvofZddfVB","action":"Normal GetUpdate request", "result":"", "context":cV=e1sTWSYzdFqOVvofZddfVB
Refresh requested types: Encryption Keys}
{"logTime": "0213/145050", "correlationVector":"e1sTWSYzdFqOVvofZddfVB.1","action":"SyncServerConnectionManagerRequest", "result":"SYNC_SERVER_OK", "context":{"environment":"Prod_francecentral_prod-s01-062-eur-francecentral", "migrationStage":"NotStarted", "server":"akswtt11200000h"}}
{"logTime": "0213/145050", "correlationVector":"e1sTWSYzdFqOVvofZddfVB.2","action":"GetUpdates Response", "result":"Success", "context":Received 0 update(s). cV=e1sTWSYzdFqOVvofZddfVB.0;server=akswtt11200000h;cloudType=Consumer;environment=Prod_francecentral_prod-s01-062-eur-francecentral;migrationStage=NotStarted}
{"logTime": "0213/145051", "correlationVector":"hK5CC7u5+vBYaqqdzgpvtm","action":"SyncServerConnectionManagerRequest", "result":"SYNC_SERVER_ERROR", "context":{"environment":"", "error_type":"http_status_code", "error_value":"400", "migrationStage":"", "server":""}}
{"logTime": "0213/145058", "correlationVector":"ZUzNDQgTwxNfk0sthEwr4B","action":"Normal GetUpdate request", "result":"", "context":cV=ZUzNDQgTwxNfk0sthEwr4B
Refresh requested types: Encryption Keys}
{"logTime": "0213/145058", "correlationVector":"ZUzNDQgTwxNfk0sthEwr4B.1","action":"SyncServerConnectionManagerRequest", "result":"SYNC_SERVER_OK", "context":{"environment":"Prod_francecentral_prod-s01-062-eur-francecentral", "migrationStage":"NotStarted", "server":"akswtt112000010"}}
{"logTime": "0213/145058", "correlationVector":"ZUzNDQgTwxNfk0sthEwr4B.2","action":"GetUpdates Response", "result":"Success", "context":Received 0 update(s). cV=ZUzNDQgTwxNfk0sthEwr4B.0;server=akswtt112000010;cloudType=Consumer;environment=Prod_francecentral_prod-s01-062-eur-francecentral;migrationStage=NotStarted}
{"logTime": "0213/145058", "correlationVector":"usPJDqeXDr9UERb1v4zg0b","action":"SyncServerConnectionManagerRequest", "result":"SYNC_SERVER_ERROR", "context":{"environment":"", "error_type":"http_status_code", "error_value":"400", "migrationStage":"", "server":""}}
{"logTime": "0213/145109", "correlationVector":"","action":"Microsoft.Sync.State.UserActionableError.30Sec", "result":"Error:7"}
{"logTime": "0213/145109", "correlationVector":"","action":"Microsoft.Sync.State.Existing.UserActionableError.30Sec", "result":"Error:7"}
{"logTime": "0213/145114", "correlationVector":"yigQF/lewvcguVGsQ7CgIL","action":"Normal GetUpdate request", "result":"", "context":cV=yigQF/lewvcguVGsQ7CgIL
Refresh requested types: Encryption Keys}
{"logTime": "0213/145114", "correlationVector":"yigQF/lewvcguVGsQ7CgIL.1","action":"SyncServerConnectionManagerRequest", "result":"SYNC_SERVER_OK", "context":{"environment":"Prod_francecentral_prod-s01-062-eur-francecentral", "migrationStage":"NotStarted", "server":"akswtt112000019"}}
{"logTime": "0213/145114", "correlationVector":"yigQF/lewvcguVGsQ7CgIL.2","action":"GetUpdates Response", "result":"Success", "context":Received 0 update(s). cV=yigQF/lewvcguVGsQ7CgIL.0;server=akswtt112000019;cloudType=Consumer;environment=Prod_francecentral_prod-s01-062-eur-francecentral;migrationStage=NotStarted}
{"logTime": "0213/145114", "correlationVector":"NwdMF0KQ3Y4eBqoUER0Wro","action":"SyncServerConnectionManagerRequest", "result":"SYNC_SERVER_ERROR", "context":{"environment":"", "error_type":"http_status_code", "error_value":"400", "migrationStage":"", "server":""}}
{"logTime": "0213/145140", "correlationVector":"","action":"Microsoft.Sync.State.UserActionableError.1Min", "result":"Error:7"}
{"logTime": "0213/145140", "correlationVector":"","action":"Microsoft.Sync.State.Existing.UserActionableError.1Min", "result":"Error:7"}
{"logTime": "0213/145146", "correlationVector":"u//Aj+wnSVoR7Dloksmp3Q","action":"Normal GetUpdate request", "result":"", "context":cV=u//Aj+wnSVoR7Dloksmp3Q
Refresh requested types: Encryption Keys}
{"logTime": "0213/145146", "correlationVector":"u//Aj+wnSVoR7Dloksmp3Q.1","action":"SyncServerConnectionManagerRequest", "result":"SYNC_SERVER_OK", "context":{"environment":"Prod_francecentral_prod-s01-062-eur-francecentral", "migrationStage":"NotStarted", "server":"akswtt112000010"}}
{"logTime": "0213/145146", "correlationVector":"u//Aj+wnSVoR7Dloksmp3Q.2","action":"GetUpdates Response", "result":"Success", "context":Received 0 update(s). cV=u//Aj+wnSVoR7Dloksmp3Q.0;server=akswtt112000010;cloudType=Consumer;environment=Prod_francecentral_prod-s01-062-eur-francecentral;migrationStage=NotStarted}
{"logTime": "0213/145147", "correlationVector":"bnJJfU0Up/Zyu8A8rZ2qIR","action":"SyncServerConnectionManagerRequest", "result":"SYNC_SERVER_OK", "context":{"environment":"", "migrationStage":"", "server":""}}
{"logTime": "0213/145147", "correlationVector":"bnJJfU0Up/Zyu8A8rZ2qIR.0","action":"EncryptionKeysFetcher.DownloadKeys:", "result":"Success", "context":Key count: 2, Last key timestamp: 2026-01-23T18:36:34Z}
{"logTime": "0213/145147", "correlationVector":"bnJJfU0Up/Zyu8A8rZ2qIR.1","action":"EncryptionKeysManager::SetEncryptionKeys:", "result":"Success", "context":Key names[2]:[mP7/ptzpk/+p7Ra2n3Xqea8JRgF1AEbc3S7PKboQw2sZXDNU05AnvslSX8DOFl+kVUy8Sefe5c47Sao0Jle1LA==][/mEZ1Mq6As/xGLPC0hqVcsvo78KM5H/W8qU+5mgsMHXCnoyR6Twdtf0AcFKr8QeNKAlwuZuBC7dg3fm5EY5h3g==]}
{"logTime": "0213/145147", "correlationVector":"bnJJfU0Up/Zyu8A8rZ2qIR.2","action":"EncryptionKeysManager::SetEncryptionKeysWithTimestamps:", "result":"Success", "context":Key timestamps[2]:[2025-07-26T21:34:50Z][2026-01-23T18:36:34Z]}
{"logTime": "0213/145147", "correlationVector":"sFSoCnTO4SUJ6RugJwglLO","action":"Initial GetUpdates", "result":"", "context":Reason: NEWLY_SUPPORTED_DATATYPE. cV=sFSoCnTO4SUJ6RugJwglLO}
{"logTime": "0213/145147", "correlationVector":"sFSoCnTO4SUJ6RugJwglLO.1","action":"SyncServerConnectionManagerRequest", "result":"SYNC_SERVER_OK", "context":{"environment":"Prod_francecentral_prod-s01-062-eur-francecentral", "migrationStage":"NotStarted", "server":"akswtt11200001e"}}
{"logTime": "0213/145147", "correlationVector":"sFSoCnTO4SUJ6RugJwglLO.2","action":"ProcessGetUpdates", "result":"Done", "context":{"dataType":"Passwords", "deleted":"0", "process_failed_to_decrypt":"0", "process_pending_decryption":"0", "process_success":"5", "total":"5"}}
{"logTime": "0213/145147", "correlationVector":"sFSoCnTO4SUJ6RugJwglLO.3","action":"GetUpdates Response", "result":"Success", "context":Received 5 update(s). cV=sFSoCnTO4SUJ6RugJwglLO.0;server=akswtt11200001e;cloudType=Consumer;environment=Prod_francecentral_prod-s01-062-eur-francecentral;migrationStage=NotStarted}
{"logTime": "0213/145147", "correlationVector":"EbQBP7gTxdNa9CaRcmJCL4","action":"Normal GetUpdate request", "result":"", "context":cV=EbQBP7gTxdNa9CaRcmJCL4
Refresh requested types: Passwords, Extensions, Extension settings, Device Info, User Consents, Send Tab To Self, Web Apps, Saved Tab Group, WebAuthn Credentials, Encryption Keys}
{"logTime": "0213/145147", "correlationVector":"EbQBP7gTxdNa9CaRcmJCL4.1","action":"SyncServerConnectionManagerRequest", "result":"SYNC_SERVER_OK", "context":{"environment":"Prod_francecentral_prod-s01-062-eur-francecentral", "migrationStage":"NotStarted", "server":"akswtt11200000p"}}
{"logTime": "0213/145147", "correlationVector":"EbQBP7gTxdNa9CaRcmJCL4.2","action":"GetUpdates Response", "result":"Success", "context":Received 0 update(s). cV=EbQBP7gTxdNa9CaRcmJCL4.0;server=akswtt11200000p;cloudType=Consumer;environment=Prod_francecentral_prod-s01-062-eur-francecentral;migrationStage=NotStarted}
{"logTime": "0213/145240", "correlationVector":"","action":"Microsoft.Sync.State.UserActionableError.2Min", "result":"Error:7"}
{"logTime": "0213/145240", "correlationVector":"","action":"Microsoft.Sync.State.Existing.UserActionableError.2Min", "result":"Error:7"}
{"logTime": "0213/145540", "correlationVector":"","action":"Microsoft.Sync.State.UserActionableError.5Min", "result":"Error:7"}
{"logTime": "0213/145540", "correlationVector":"","action":"Microsoft.Sync.State.Existing.UserActionableError.5Min", "result":"Error:7"}
{"logTime": "0213/151149", "correlationVector":"9484ExVCTaoehQoZnXwMhc.1","action":"SyncServerConnectionManagerRequest", "result":"SYNC_SERVER_OK", "context":{"environment":"Prod_francecentral_prod-s01-062-eur-francecentral", "migrationStage":"NotStarted", "server":"akswtt11200001d"}}
{"logTime": "0213/151149", "correlationVector":"9484ExVCTaoehQoZnXwMhc.2","action":"ProcessGetUpdates", "result":"Done", "context":{"dataType":"Encryption Keys", "deleted":"0", "process_failed_to_decrypt":"0", "process_pending_decryption":"0", "process_success":"1", "total":"1"}}
{"logTime": "0213/151150", "correlationVector":"HNnFVnfKFfp3HkTn43XMTQ","action":"SyncServerConnectionManagerRequest", "result":"SYNC_SERVER_ERROR", "context":{"environment":"", "error_type":"http_status_code", "error_value":"400", "migrationStage":"", "server":""}}
{"logTime": "0213/151150", "correlationVector":"9484ExVCTaoehQoZnXwMhc","action":"Initial GetUpdates", "result":"", "context":Reason: NEW_CLIENT. cV=9484ExVCTaoehQoZnXwMhc}
{"logTime": "0213/151150", "correlationVector":"9484ExVCTaoehQoZnXwMhc.3","action":"GetUpdates Response", "result":"Success", "context":Received 1 update(s). cV=9484ExVCTaoehQoZnXwMhc.0;server=akswtt11200001d;cloudType=Consumer;environment=Prod_francecentral_prod-s01-062-eur-francecentral;migrationStage=NotStarted}
{"logTime": "0213/151150", "correlationVector":"E1dHFwbHqixw4Qxhik6/UB","action":"Initial GetUpdates", "result":"", "context":Reason: NEWLY_SUPPORTED_DATATYPE. cV=E1dHFwbHqixw4Qxhik6/UB}
{"logTime": "0213/151151", "correlationVector":"E1dHFwbHqixw4Qxhik6/UB.1","action":"SyncServerConnectionManagerRequest", "result":"SYNC_SERVER_OK", "context":{"environment":"Prod_francecentral_prod-s01-062-eur-francecentral", "migrationStage":"NotStarted", "server":"akswtt11200000z"}}
{"logTime": "0213/151151", "correlationVector":"E1dHFwbHqixw4Qxhik6/UB.2","action":"ProcessGetUpdates", "result":"Done", "context":{"dataType":"Preferences", "deleted":"0", "process_failed_to_decrypt":"0", "process_pending_decryption":"0", "process_success":"54", "total":"54"}}
{"logTime": "0213/151151", "correlationVector":"E1dHFwbHqixw4Qxhik6/UB.3","action":"ProcessGetUpdates", "result":"Done", "context":{"dataType":"Device Info", "deleted":"0", "process_failed_to_decrypt":"0", "process_pending_decryption":"0", "process_success":"5", "total":"5"}}
{"logTime": "0213/151151", "correlationVector":"E1dHFwbHqixw4Qxhik6/UB.4","action":"GetUpdates Response", "result":"Success", "context":Received 59 update(s). cV=E1dHFwbHqixw4Qxhik6/UB.0;server=akswtt11200000z;cloudType=Consumer;environment=Prod_francecentral_prod-s01-062-eur-francecentral;migrationStage=NotStarted}
{"logTime": "0213/151151", "correlationVector":"YqHKxWI72iXO4yATYYxrsZ","action":"SyncServerConnectionManagerRequest", "result":"SYNC_SERVER_ERROR", "context":{"environment":"", "error_type":"http_status_code", "error_value":"400", "migrationStage":"", "server":""}}
{"logTime": "0213/151151", "correlationVector":"Y7ANnspPu6J+CmNFPFORiX","action":"Initial GetUpdates", "result":"", "context":Reason: NEWLY_SUPPORTED_DATATYPE. cV=Y7ANnspPu6J+CmNFPFORiX}
{"logTime": "0213/151151", "correlationVector":"Y7ANnspPu6J+CmNFPFORiX.1","action":"SyncServerConnectionManagerRequest", "result":"SYNC_SERVER_OK", "context":{"environment":"Prod_francecentral_prod-s01-062-eur-francecentral", "migrationStage":"NotStarted", "server":"akswtt11200000o"}}
{"logTime": "0213/151151", "correlationVector":"Y7ANnspPu6J+CmNFPFORiX.2","action":"ProcessGetUpdates", "result":"Done", "context":{"dataType":"Bookmarks", "deleted":"0", "process_failed_to_decrypt":"0", "process_pending_decryption":"0", "process_success":"6", "total":"6"}}
{"logTime": "0213/151151", "correlationVector":"Y7ANnspPu6J+CmNFPFORiX.3","action":"GetUpdates Response", "result":"Success", "context":Received 6 update(s). cV=Y7ANnspPu6J+CmNFPFORiX.0;server=akswtt11200000o;cloudType=Consumer;environment=Prod_francecentral_prod-s01-062-eur-francecentral;migrationStage=NotStarted}
{"logTime": "0213/151152", "correlationVector":"JUzg6DqjI18bgNu/Z2Cfov","action":"SyncServerConnectionManagerRequest", "result":"SYNC_SERVER_ERROR", "context":{"environment":"", "error_type":"http_status_code", "error_value":"400", "migrationStage":"", "server":""}}
{"logTime": "0213/151152", "correlationVector":"aiALnv12hkHwR9YtXacsyy","action":"Initial GetUpdates", "result":"", "context":Reason: NEWLY_SUPPORTED_DATATYPE. cV=aiALnv12hkHwR9YtXacsyy}
{"logTime": "0213/151152", "correlationVector":"aiALnv12hkHwR9YtXacsyy.1","action":"SyncServerConnectionManagerRequest", "result":"SYNC_SERVER_OK", "context":{"environment":"Prod_francecentral_prod-s01-062-eur-francecentral", "migrationStage":"NotStarted", "server":"akswtt11200000j"}}
{"logTime": "0213/151152", "correlationVector":"aiALnv12hkHwR9YtXacsyy.2","action":"ProcessGetUpdates", "result":"Done", "context":{"dataType":"Sessions", "deleted":"0", "process_failed_to_decrypt":"0", "process_pending_decryption":"0", "process_success":"2", "total":"2"}}
{"logTime": "0213/151152", "correlationVector":"aiALnv12hkHwR9YtXacsyy.3","action":"ProcessGetUpdates", "result":"Done", "context":{"dataType":"Web Apps", "deleted":"1", "process_failed_to_decrypt":"0", "process_pending_decryption":"0", "process_success":"1", "total":"1"}}
{"logTime": "0213/151152", "correlationVector":"aiALnv12hkHwR9YtXacsyy.4","action":"ProcessGetUpdates", "result":"Done", "context":{"dataType":"Edge Hub App Usage", "deleted":"75", "process_failed_to_decrypt":"0", "process_pending_decryption":"0", "process_success":"121", "total":"121"}}
{"logTime": "0213/151152", "correlationVector":"aiALnv12hkHwR9YtXacsyy.5","action":"GetUpdates Response", "result":"Success", "context":Received 124 update(s). cV=aiALnv12hkHwR9YtXacsyy.0;server=akswtt11200000j;cloudType=Consumer;environment=Prod_francecentral_prod-s01-062-eur-francecentral;migrationStage=NotStarted}
{"logTime": "0213/151152", "correlationVector":"LpC9bhtxjs6lqEoGsHvEcS","action":"SyncServerConnectionManagerRequest", "result":"SYNC_SERVER_ERROR", "context":{"environment":"", "error_type":"http_status_code", "error_value":"400", "migrationStage":"", "server":""}}
{"logTime": "0213/151152", "correlationVector":"hOglCSi6Rw/qff+0QNf+Lo","action":"Initial GetUpdates", "result":"", "context":Reason: NEWLY_SUPPORTED_DATATYPE. cV=hOglCSi6Rw/qff+0QNf+Lo}
{"logTime": "0213/151153", "correlationVector":"hOglCSi6Rw/qff+0QNf+Lo.1","action":"SyncServerConnectionManagerRequest", "result":"SYNC_SERVER_OK", "context":{"environment":"Prod_francecentral_prod-s01-062-eur-francecentral", "migrationStage":"NotStarted", "server":"akswtt11200000v"}}
{"logTime": "0213/151153", "correlationVector":"hOglCSi6Rw/qff+0QNf+Lo.2","action":"ProcessGetUpdates", "result":"Done", "context":{"dataType":"History", "deleted":"0", "process_failed_to_decrypt":"0", "process_pending_decryption":"0", "process_success":"3", "total":"3"}}
{"logTime": "0213/151153", "correlationVector":"hOglCSi6Rw/qff+0QNf+Lo.3","action":"GetUpdates Response", "result":"Success", "context":Received 3 update(s). cV=hOglCSi6Rw/qff+0QNf+Lo.0;server=akswtt11200000v;cloudType=Consumer;environment=Prod_francecentral_prod-s01-062-eur-francecentral;migrationStage=NotStarted}
{"logTime": "0213/151153", "correlationVector":"UEIGXwjIc4cgKhrXGMShCw","action":"SyncServerConnectionManagerRequest", "result":"SYNC_SERVER_ERROR", "context":{"environment":"", "error_type":"http_status_code", "error_value":"400", "migrationStage":"", "server":""}}
{"logTime": "0213/151153", "correlationVector":"4DY/JQXBS5z8Eym77oMstm","action":"Normal GetUpdate request", "result":"", "context":cV=4DY/JQXBS5z8Eym77oMstm
Nudged types: Sessions, Device Info, User Consents
Refresh requested types: Bookmarks, Preferences, Extensions, Sessions, Extension settings, History Delete Directives, Device Info, User Consents, Send Tab To Self, Web Apps, History, Saved Tab Group, WebAuthn Credentials, Collection, Edge E Drop, Edge Hub App Usage, Edge Wallet, Encryption Keys}
{"logTime": "0213/151153", "correlationVector":"4DY/JQXBS5z8Eym77oMstm.1","action":"SyncServerConnectionManagerRequest", "result":"SYNC_SERVER_OK", "context":{"environment":"Prod_francecentral_prod-s01-062-eur-francecentral", "migrationStage":"NotStarted", "server":"akswtt11200000z"}}
{"logTime": "0213/151153", "correlationVector":"4DY/JQXBS5z8Eym77oMstm.2","action":"GetUpdates Response", "result":"Success", "context":Received 0 update(s). cV=4DY/JQXBS5z8Eym77oMstm.0;server=akswtt11200000z;cloudType=Consumer;environment=Prod_francecentral_prod-s01-062-eur-francecentral;migrationStage=NotStarted}
{"logTime": "0213/151153", "correlationVector":"9nLoVxtBjbwZ0zA/YBiBx0","action":"Commit Request", "result":"", "context":Item count: 4
Contributing types: Sessions, Device Info, User Consents}
{"logTime": "0213/151154", "correlationVector":"9nLoVxtBjbwZ0zA/YBiBx0.1","action":"SyncServerConnectionManagerRequest", "result":"SYNC_SERVER_OK", "context":{"environment":"Prod_francecentral_prod-s01-062-eur-francecentral", "migrationStage":"NotStarted", "server":"akswtt112000016"}}
{"logTime": "0213/151154", "correlationVector":"9nLoVxtBjbwZ0zA/YBiBx0.2","action":"Commit Response", "result":"Success", "context":Result: Success. cV=9nLoVxtBjbwZ0zA/YBiBx0.0;server=akswtt112000016;cloudType=Consumer;environment=Prod_francecentral_prod-s01-062-eur-francecentral;migrationStage=NotStarted}
{"logTime": "0213/151154", "correlationVector":"lOtLIRfSQ6wFE1PtgCQ7BK","action":"SyncServerConnectionManagerRequest", "result":"SYNC_SERVER_ERROR", "context":{"environment":"", "error_type":"http_status_code", "error_value":"400", "migrationStage":"", "server":""}}
{"logTime": "0213/151154", "correlationVector":"eJiSqKqSTZWP8gEVMpOzdK","action":"Normal GetUpdate request", "result":"", "context":cV=eJiSqKqSTZWP8gEVMpOzdK
Nudged types: Sessions, Device Info
Refresh requested types: Encryption Keys}
{"logTime": "0213/151155", "correlationVector":"eJiSqKqSTZWP8gEVMpOzdK.1","action":"SyncServerConnectionManagerRequest", "result":"SYNC_SERVER_OK", "context":{"environment":"Prod_francecentral_prod-s01-062-eur-francecentral", "migrationStage":"NotStarted", "server":"akswtt112000000"}}
{"logTime": "0213/151155", "correlationVector":"eJiSqKqSTZWP8gEVMpOzdK.2","action":"ProcessGetUpdates", "result":"Done", "context":{"dataType":"Sessions", "deleted":"0", "process_failed_to_decrypt":"0", "process_pending_decryption":"0", "process_success":"2", "total":"2"}}
{"logTime": "0213/151155", "correlationVector":"eJiSqKqSTZWP8gEVMpOzdK.3","action":"ProcessGetUpdates", "result":"Done", "context":{"dataType":"Device Info", "deleted":"0", "process_failed_to_decrypt":"0", "process_pending_decryption":"0", "process_success":"1", "total":"1"}}
{"logTime": "0213/151155", "correlationVector":"eJiSqKqSTZWP8gEVMpOzdK.4","action":"GetUpdates Response", "result":"Success", "context":Received 3 update(s). cV=eJiSqKqSTZWP8gEVMpOzdK.0;server=akswtt112000000;cloudType=Consumer;environment=Prod_francecentral_prod-s01-062-eur-francecentral;migrationStage=NotStarted}
{"logTime": "0213/151155", "correlationVector":"l0WKOjfa9JcbC/HR9kFfwe","action":"SyncServerConnectionManagerRequest", "result":"SYNC_SERVER_ERROR", "context":{"environment":"", "error_type":"http_status_code", "error_value":"400", "migrationStage":"", "server":""}}
{"logTime": "0213/151155", "correlationVector":"g87OxGAL6SvNYqW8MW1k7n","action":"Commit Request", "result":"", "context":Item count: 1
Contributing types: User Consents}
{"logTime": "0213/151156", "correlationVector":"g87OxGAL6SvNYqW8MW1k7n.1","action":"SyncServerConnectionManagerRequest", "result":"SYNC_SERVER_OK", "context":{"environment":"Prod_francecentral_prod-s01-062-eur-francecentral", "migrationStage":"NotStarted", "server":"akswtt11200001d"}}
{"logTime": "0213/151156", "correlationVector":"g87OxGAL6SvNYqW8MW1k7n.2","action":"Commit Response", "result":"Success", "context":Result: Success. cV=g87OxGAL6SvNYqW8MW1k7n.0;server=akswtt11200001d;cloudType=Consumer;environment=Prod_francecentral_prod-s01-062-eur-francecentral;migrationStage=NotStarted}
{"logTime": "0213/151159", "correlationVector":"lDscldxZ9FC8oUV6r1Xy1X","action":"Normal GetUpdate request", "result":"", "context":cV=lDscldxZ9FC8oUV6r1Xy1X
Refresh requested types: Encryption Keys}
{"logTime": "0213/151159", "correlationVector":"lDscldxZ9FC8oUV6r1Xy1X.1","action":"SyncServerConnectionManagerRequest", "result":"SYNC_SERVER_OK", "context":{"environment":"Prod_francecentral_prod-s01-062-eur-francecentral", "migrationStage":"NotStarted", "server":"akswtt11200000z"}}
{"logTime": "0213/151159", "correlationVector":"lDscldxZ9FC8oUV6r1Xy1X.2","action":"GetUpdates Response", "result":"Success", "context":Received 0 update(s). cV=lDscldxZ9FC8oUV6r1Xy1X.0;server=akswtt11200000z;cloudType=Consumer;environment=Prod_francecentral_prod-s01-062-eur-francecentral;migrationStage=NotStarted}
{"logTime": "0213/151159", "correlationVector":"jJDjvtZHWDOydhIY1sgqOo","action":"Commit Request", "result":"", "context":Item count: 1
Contributing types: Edge Hub App Usage}
{"logTime": "0213/151159", "correlationVector":"jJDjvtZHWDOydhIY1sgqOo.1","action":"SyncServerConnectionManagerRequest", "result":"SYNC_SERVER_OK", "context":{"environment":"Prod_francecentral_prod-s01-062-eur-francecentral", "migrationStage":"NotStarted", "server":"akswtt11200001d"}}
{"logTime": "0213/151159", "correlationVector":"jJDjvtZHWDOydhIY1sgqOo.2","action":"Commit Response", "result":"Success", "context":Result: Success. cV=jJDjvtZHWDOydhIY1sgqOo.0;server=akswtt11200001d;cloudType=Consumer;environment=Prod_francecentral_prod-s01-062-eur-francecentral;migrationStage=NotStarted}
{"logTime": "0213/151159", "correlationVector":"qH4/WZNA9nG5P1N3Z1pJPD","action":"SyncServerConnectionManagerRequest", "result":"SYNC_SERVER_ERROR", "context":{"environment":"", "error_type":"http_status_code", "error_value":"400", "migrationStage":"", "server":""}}
{"logTime": "0213/151208", "correlationVector":"EVWpr6mW6Qo25mJAU13FqH","action":"Normal GetUpdate request", "result":"", "context":cV=EVWpr6mW6Qo25mJAU13FqH
Refresh requested types: Encryption Keys}
{"logTime": "0213/151208", "correlationVector":"EVWpr6mW6Qo25mJAU13FqH.1","action":"SyncServerConnectionManagerRequest", "result":"SYNC_SERVER_OK", "context":{"environment":"Prod_francecentral_prod-s01-062-eur-francecentral", "migrationStage":"NotStarted", "server":"akswtt112000016"}}
{"logTime": "0213/151208", "correlationVector":"EVWpr6mW6Qo25mJAU13FqH.2","action":"ProcessGetUpdates", "result":"Done", "context":{"dataType":"Edge Hub App Usage", "deleted":"0", "process_failed_to_decrypt":"0", "process_pending_decryption":"0", "process_success":"1", "total":"1"}}
{"logTime": "0213/151208", "correlationVector":"EVWpr6mW6Qo25mJAU13FqH.3","action":"GetUpdates Response", "result":"Success", "context":Received 1 update(s). cV=EVWpr6mW6Qo25mJAU13FqH.0;server=akswtt112000016;cloudType=Consumer;environment=Prod_francecentral_prod-s01-062-eur-francecentral;migrationStage=NotStarted}
{"logTime": "0213/151208", "correlationVector":"LpnqPIBw9NvbHQbT+hJDh3","action":"SyncServerConnectionManagerRequest", "result":"SYNC_SERVER_ERROR", "context":{"environment":"", "error_type":"http_status_code", "error_value":"400", "migrationStage":"", "server":""}}
{"logTime": "0213/151225", "correlationVector":"aL9Fa4HIU2XxC5ksJdifhg","action":"Normal GetUpdate request", "result":"", "context":cV=aL9Fa4HIU2XxC5ksJdifhg
Nudged types: Sessions, History
Refresh requested types: Encryption Keys}
{"logTime": "0213/151225", "correlationVector":"aL9Fa4HIU2XxC5ksJdifhg.1","action":"SyncServerConnectionManagerRequest", "result":"SYNC_SERVER_OK", "context":{"environment":"Prod_francecentral_prod-s01-062-eur-francecentral", "migrationStage":"NotStarted", "server":"akswtt11200000f"}}
{"logTime": "0213/151225", "correlationVector":"aL9Fa4HIU2XxC5ksJdifhg.2","action":"GetUpdates Response", "result":"Success", "context":Received 0 update(s). cV=aL9Fa4HIU2XxC5ksJdifhg.0;server=akswtt11200000f;cloudType=Consumer;environment=Prod_francecentral_prod-s01-062-eur-francecentral;migrationStage=NotStarted}
{"logTime": "0213/151225", "correlationVector":"pb0VCqvUuC1MDaJMAhgxYm","action":"Commit Request", "result":"", "context":Item count: 2
Contributing types: Sessions, History}
{"logTime": "0213/151226", "correlationVector":"pb0VCqvUuC1MDaJMAhgxYm.1","action":"SyncServerConnectionManagerRequest", "result":"SYNC_SERVER_OK", "context":{"environment":"Prod_francecentral_prod-s01-062-eur-francecentral", "migrationStage":"NotStarted", "server":"akswtt11200000r"}}
{"logTime": "0213/151226", "correlationVector":"pb0VCqvUuC1MDaJMAhgxYm.2","action":"Commit Response", "result":"Success", "context":Result: Success. cV=pb0VCqvUuC1MDaJMAhgxYm.0;server=akswtt11200000r;cloudType=Consumer;environment=Prod_francecentral_prod-s01-062-eur-francecentral;migrationStage=NotStarted}
{"logTime": "0213/151226", "correlationVector":"yOlzr5c1jmZpEMoPQO7+B9","action":"SyncServerConnectionManagerRequest", "result":"SYNC_SERVER_OK", "context":{"environment":"", "migrationStage":"", "server":""}}
{"logTime": "0213/151226", "correlationVector":"yOlzr5c1jmZpEMoPQO7+B9.0","action":"EncryptionKeysFetcher.DownloadKeys:", "result":"Success", "context":Key count: 2, Last key timestamp: 2026-01-23T18:36:34Z}
{"logTime": "0213/151226", "correlationVector":"yOlzr5c1jmZpEMoPQO7+B9.1","action":"EncryptionKeysManager::SetEncryptionKeys:", "result":"Success", "context":Key names[2]:[mP7/ptzpk/+p7Ra2n3Xqea8JRgF1AEbc3S7PKboQw2sZXDNU05AnvslSX8DOFl+kVUy8Sefe5c47Sao0Jle1LA==][/mEZ1Mq6As/xGLPC0hqVcsvo78KM5H/W8qU+5mgsMHXCnoyR6Twdtf0AcFKr8QeNKAlwuZuBC7dg3fm5EY5h3g==]}
{"logTime": "0213/151226", "correlationVector":"yOlzr5c1jmZpEMoPQO7+B9.2","action":"EncryptionKeysManager::SetEncryptionKeysWithTimestamps:", "result":"Success", "context":Key timestamps[2]:[2025-07-26T21:34:50Z][2026-01-23T18:36:34Z]}
{"logTime": "0213/151226", "correlationVector":"Thv9fP1xPC9pytva94PrCf","action":"Initial GetUpdates", "result":"", "context":Reason: NEWLY_SUPPORTED_DATATYPE. cV=Thv9fP1xPC9pytva94PrCf}
{"logTime": "0213/151226", "correlationVector":"Thv9fP1xPC9pytva94PrCf.1","action":"SyncServerConnectionManagerRequest", "result":"SYNC_SERVER_OK", "context":{"environment":"Prod_francecentral_prod-s01-062-eur-francecentral", "migrationStage":"NotStarted", "server":"akswtt11200001c"}}
{"logTime": "0213/151226", "correlationVector":"Thv9fP1xPC9pytva94PrCf.2","action":"ProcessGetUpdates", "result":"Done", "context":{"dataType":"Passwords", "deleted":"0", "process_failed_to_decrypt":"0", "process_pending_decryption":"0", "process_success":"5", "total":"5"}}
{"logTime": "0213/151226", "correlationVector":"Thv9fP1xPC9pytva94PrCf.3","action":"GetUpdates Response", "result":"Success", "context":Received 5 update(s). cV=Thv9fP1xPC9pytva94PrCf.0;server=akswtt11200001c;cloudType=Consumer;environment=Prod_francecentral_prod-s01-062-eur-francecentral;migrationStage=NotStarted}
{"logTime": "0213/151226", "correlationVector":"Kh7FwQh92N3wo6Td87XYrT","action":"Initial GetUpdates", "result":"", "context":Reason: NEWLY_SUPPORTED_DATATYPE. cV=Kh7FwQh92N3wo6Td87XYrT}
{"logTime": "0213/151226", "correlationVector":"Kh7FwQh92N3wo6Td87XYrT.1","action":"SyncServerConnectionManagerRequest", "result":"SYNC_SERVER_OK", "context":{"environment":"Prod_francecentral_prod-s01-062-eur-francecentral", "migrationStage":"NotStarted", "server":"akswtt11200000f"}}
{"logTime": "0213/151226", "correlationVector":"Kh7FwQh92N3wo6Td87XYrT.2","action":"ProcessGetUpdates", "result":"Done", "context":{"dataType":"Autofill Profiles", "deleted":"0", "process_failed_to_decrypt":"0", "process_pending_decryption":"0", "process_success":"10", "total":"10"}}
{"logTime": "0213/151226", "correlationVector":"Kh7FwQh92N3wo6Td87XYrT.3","action":"ProcessGetUpdates", "result":"Done", "context":{"dataType":"Autofill", "deleted":"0", "process_failed_to_decrypt":"0", "process_pending_decryption":"0", "process_success":"141", "total":"141"}}
{"logTime": "0213/151226", "correlationVector":"Kh7FwQh92N3wo6Td87XYrT.4","action":"GetUpdates Response", "result":"Success", "context":Received 151 update(s). cV=Kh7FwQh92N3wo6Td87XYrT.0;server=akswtt11200000f;cloudType=Consumer;environment=Prod_francecentral_prod-s01-062-eur-francecentral;migrationStage=NotStarted}
{"logTime": "0213/151227", "correlationVector":"kD35jyTpEPtD8bJesOBT2c","action":"Normal GetUpdate request", "result":"", "context":cV=kD35jyTpEPtD8bJesOBT2c
Nudged types: Sessions, History
Refresh requested types: Bookmarks, Preferences, Passwords, Autofill Profiles, Autofill, Extensions, Sessions, Extension settings, History Delete Directives, Device Info, User Consents, Send Tab To Self, Web Apps, History, Saved Tab Group, WebAuthn Credentials, Collection, Edge E Drop, Edge Hub App Usage, Edge Wallet, Encryption Keys}
{"logTime": "0213/151227", "correlationVector":"kD35jyTpEPtD8bJesOBT2c.1","action":"SyncServerConnectionManagerRequest", "result":"SYNC_SERVER_OK", "context":{"environment":"Prod_francecentral_prod-s01-062-eur-francecentral", "migrationStage":"NotStarted", "server":"akswtt11200000j"}}
{"logTime": "0213/151227", "correlationVector":"kD35jyTpEPtD8bJesOBT2c.2","action":"ProcessGetUpdates", "result":"Done", "context":{"dataType":"Sessions", "deleted":"0", "process_failed_to_decrypt":"0", "process_pending_decryption":"0", "process_success":"1", "total":"1"}}
{"logTime": "0213/151227", "correlationVector":"kD35jyTpEPtD8bJesOBT2c.3","action":"ProcessGetUpdates", "result":"Done", "context":{"dataType":"History", "deleted":"0", "process_failed_to_decrypt":"0", "process_pending_decryption":"0", "process_success":"1", "total":"1"}}
{"logTime": "0213/151227", "correlationVector":"kD35jyTpEPtD8bJesOBT2c.4","action":"GetUpdates Response", "result":"Success", "context":Received 2 update(s). cV=kD35jyTpEPtD8bJesOBT2c.0;server=akswtt11200000j;cloudType=Consumer;environment=Prod_francecentral_prod-s01-062-eur-francecentral;migrationStage=NotStarted}
{"logTime": "0213/151326", "correlationVector":"jq9KjdNkujpmUP8LFMLvuv","action":"Commit Request", "result":"", "context":Item count: 2
Contributing types: Sessions, History}
{"logTime": "0213/151326", "correlationVector":"jq9KjdNkujpmUP8LFMLvuv.1","action":"SyncServerConnectionManagerRequest", "result":"SYNC_SERVER_OK", "context":{"environment":"Prod_francecentral_prod-s01-062-eur-francecentral", "migrationStage":"NotStarted", "server":"akswtt112000000"}}
{"logTime": "0213/151326", "correlationVector":"jq9KjdNkujpmUP8LFMLvuv.2","action":"Commit Response", "result":"Success", "context":Result: Success. cV=jq9KjdNkujpmUP8LFMLvuv.0;server=akswtt112000000;cloudType=Consumer;environment=Prod_francecentral_prod-s01-062-eur-francecentral;migrationStage=NotStarted}
{"logTime": "0213/151541", "correlationVector":"qOoScgAVcaU49ZsVcrgEn7","action":"Commit Request", "result":"", "context":Item count: 6
Contributing types: Preferences, Passwords}
{"logTime": "0213/151542", "correlationVector":"qOoScgAVcaU49ZsVcrgEn7.1","action":"SyncServerConnectionManagerRequest", "result":"SYNC_SERVER_OK", "context":{"environment":"Prod_francecentral_prod-s01-062-eur-francecentral", "migrationStage":"NotStarted", "server":"akswtt11200000v"}}
{"logTime": "0213/151542", "correlationVector":"qOoScgAVcaU49ZsVcrgEn7.2","action":"Commit Response", "result":"Success", "context":Result: Success. cV=qOoScgAVcaU49ZsVcrgEn7.0;server=akswtt11200000v;cloudType=Consumer;environment=Prod_francecentral_prod-s01-062-eur-francecentral;migrationStage=NotStarted}
{"logTime": "0213/151816", "correlationVector":"DNh5Vxq8EV/YzKpiLmlmXA","action":"Commit Request", "result":"", "context":Item count: 3
Contributing types: Sessions, History}
{"logTime": "0213/151816", "correlationVector":"DNh5Vxq8EV/YzKpiLmlmXA.1","action":"SyncServerConnectionManagerRequest", "result":"SYNC_SERVER_OK", "context":{"environment":"Prod_francecentral_prod-s01-062-eur-francecentral", "migrationStage":"NotStarted", "server":"akswtt11200000h"}}
{"logTime": "0213/151816", "correlationVector":"DNh5Vxq8EV/YzKpiLmlmXA.2","action":"Commit Response", "result":"Success", "context":Result: Success. cV=DNh5Vxq8EV/YzKpiLmlmXA.0;server=akswtt11200000h;cloudType=Consumer;environment=Prod_francecentral_prod-s01-062-eur-francecentral;migrationStage=NotStarted}
