2026-02-13 14:46:30.433: [INFO][Sync] Reset engine, reason: 8
2026-02-13 14:46:30.433: [INFO][Sync] Stopped: Bookmarks
2026-02-13 14:46:30.433: [INFO][Sync] Stopped: Preferences
2026-02-13 14:46:30.433: [INFO][Sync] Stopped: Passwords
2026-02-13 14:46:30.433: [INFO][Sync] Stopped: Autofill Profiles
2026-02-13 14:46:30.433: [INFO][Sync] Stopped: Autofill
2026-02-13 14:46:30.433: [INFO][Sync] Stopped: Extensions
2026-02-13 14:46:30.433: [INFO][Sync] Stopped: Sessions
2026-02-13 14:46:30.433: [INFO][Sync] Stopped: Extension settings
2026-02-13 14:46:30.433: [INFO][Sync] Stopped: History Delete Directives
2026-02-13 14:46:30.433: [INFO][Sync] Stopped: Device Info
2026-02-13 14:46:30.433: [INFO][Sync] Stopped: User Consents
2026-02-13 14:46:30.433: [INFO][Sync] Stopped: Send Tab To Self
2026-02-13 14:46:30.433: [INFO][Sync] Stopped: Web Apps
2026-02-13 14:46:30.433: [INFO][Sync] Stopped: History
2026-02-13 14:46:30.433: [INFO][Sync] Stopped: Saved Tab Group
2026-02-13 14:46:30.433: [INFO][Sync] Stopped: WebAuthn Credentials
2026-02-13 14:46:30.433: [INFO][Sync] Stopped: Collection
2026-02-13 14:46:30.433: [INFO][Sync] Stopped: Edge E Drop
2026-02-13 14:46:30.433: [INFO][Sync] Stopped: Edge Hub App Usage
2026-02-13 14:46:30.433: [INFO][Sync] Stopped: Edge Wallet
2026-02-13 14:46:30.436: [INFO][Sync] SyncState after authenticated was: NotSignedIn
2026-02-13 14:46:30.822: [INFO][Sync] Reset engine, reason: 8
2026-02-13 14:46:30.822: [INFO][Sync] Stopped: Bookmarks
2026-02-13 14:46:30.822: [INFO][Sync] Stopped: Preferences
2026-02-13 14:46:30.822: [INFO][Sync] Stopped: Passwords
2026-02-13 14:46:30.822: [INFO][Sync] Stopped: Autofill Profiles
2026-02-13 14:46:30.822: [INFO][Sync] Stopped: Autofill
2026-02-13 14:46:30.822: [INFO][Sync] Stopped: Extensions
2026-02-13 14:46:30.822: [INFO][Sync] Stopped: Sessions
2026-02-13 14:46:30.822: [INFO][Sync] Stopped: Extension settings
2026-02-13 14:46:30.822: [INFO][Sync] Stopped: History Delete Directives
2026-02-13 14:46:30.822: [INFO][Sync] Stopped: Device Info
2026-02-13 14:46:30.822: [INFO][Sync] Stopped: User Consents
2026-02-13 14:46:30.822: [INFO][Sync] Stopped: Send Tab To Self
2026-02-13 14:46:30.822: [INFO][Sync] Stopped: Web Apps
2026-02-13 14:46:30.822: [INFO][Sync] Stopped: History
2026-02-13 14:46:30.822: [INFO][Sync] Stopped: Saved Tab Group
2026-02-13 14:46:30.822: [INFO][Sync] Stopped: WebAuthn Credentials
2026-02-13 14:46:30.822: [INFO][Sync] Stopped: Collection
2026-02-13 14:46:30.822: [INFO][Sync] Stopped: Edge E Drop
2026-02-13 14:46:30.822: [INFO][Sync] Stopped: Edge Hub App Usage
2026-02-13 14:46:30.822: [INFO][Sync] Stopped: Edge Wallet
2026-02-13 14:50:39.777: [INFO][Sync] SyncState after authenticated was: FeatureNotSetup
2026-02-13 14:50:40.209: [INFO][Sync] Try to start sync engine
2026-02-13 14:50:40.211: [INFO][SyncManagerImpl::NudgeForInitialDownload] Initial download nudge for Encryption Keys
2026-02-13 14:50:40.211: [INFO][SyncEngineBackend::LoadAndConnectNigoriController] Load and connect Nigori controller
2026-02-13 14:50:40.211: [INFO][SyncEngineBackend::DoInitialize] Control Types added: Encryption Keys
2026-02-13 14:50:40.211: [INFO][SyncManagerImpl::ConfigureSyncer] Types to download: Encryption Keys with reason: 3
2026-02-13 14:50:40.212: [INFO][SyncSchedulerImpl::DoConfigurationSyncCycleJob] Configure job was blocked
2026-02-13 14:50:40.624: [INFO][SyncAuthManager::SetLastAuthError] Current auth error: None
2026-02-13 14:50:40.624: [INFO][SyncAuthManager::EdgeLogTokenErrorState] Token error with: None for account type: MSA
2026-02-13 14:50:40.624: [INFO][Sync] Credentials changed for: EdgeSyncKeyDataScope
2026-02-13 14:50:40.624: [INFO][SyncEngineBackend::DoUpdateKeyDataCredentials] Update key data credentials
2026-02-13 14:50:40.699: [INFO][SyncAuthManager::SetLastAuthError] Current auth error: None
2026-02-13 14:50:40.699: [INFO][SyncAuthManager::EdgeLogTokenErrorState] Token error with: None for account type: MSA
2026-02-13 14:50:40.699: [INFO][Sync] Credentials changed for: EdgeSyncScopeNew
2026-02-13 14:50:40.699: [INFO][SyncEngineBackend::DoUpdateCredentials] Update credentials
2026-02-13 14:50:40.699: [INFO][SyncEngineBackend::DoUpdateKeyDataCredentials] Update key data credentials
2026-02-13 14:50:40.699: [INFO][SyncSchedulerImpl::DoConfigurationSyncCycleJob] Blocked types:  and types to download: Encryption Keys
2026-02-13 14:50:41.163: [INFO][Sync] Started DataTypeManager configuration, reason: 4
2026-02-13 14:50:41.164: [INFO][Sync] Configuring for: Passwords, Extensions, Extension settings, Device Info, User Consents, Send Tab To Self, Web Apps, Saved Tab Group, WebAuthn Credentials, Encryption Keys, reason: 3, current state: 0
2026-02-13 14:50:41.164: [WARN][Sync] Crypto error data types: Passwords
2026-02-13 14:50:41.166: [INFO][Sync] Configure, desired: Extensions, Extension settings, Device Info, User Consents, Send Tab To Self, Web Apps, Saved Tab Group, WebAuthn Credentials, Encryption Keys; Allow fail: Passwords
2026-02-13 14:50:41.167: [INFO][Sync] Loading: Extensions
2026-02-13 14:50:41.167: [INFO][Sync] Loading: Extension settings
2026-02-13 14:50:41.167: [INFO][Sync] Loading: Device Info
2026-02-13 14:50:41.167: [INFO][Sync] Loading: User Consents
2026-02-13 14:50:41.167: [INFO][Sync] Loading: Send Tab To Self
2026-02-13 14:50:41.167: [INFO][Sync] Loading: Web Apps
2026-02-13 14:50:41.167: [INFO][Sync] Loading: Saved Tab Group
2026-02-13 14:50:41.167: [INFO][Sync] Loading: WebAuthn Credentials
2026-02-13 14:50:41.170: [INFO][Sync] All data types are ready for configure.
2026-02-13 14:50:42.008: [INFO][SyncEngineBackend::DoStartConfiguration] Start configuration
2026-02-13 14:50:42.008: [INFO][SyncManagerImpl::NudgeForInitialDownload] Initial download nudge for Extensions
2026-02-13 14:50:42.008: [INFO][SyncManagerImpl::NudgeForInitialDownload] Initial download nudge for Extension settings
2026-02-13 14:50:42.008: [INFO][SyncManagerImpl::NudgeForInitialDownload] Initial download nudge for Device Info
2026-02-13 14:50:42.008: [INFO][SyncManagerImpl::NudgeForInitialDownload] Initial download nudge for Send Tab To Self
2026-02-13 14:50:42.008: [INFO][SyncManagerImpl::NudgeForInitialDownload] Initial download nudge for Web Apps
2026-02-13 14:50:42.008: [INFO][Sync] Connection status changed to: 2
2026-02-13 14:50:42.008: [INFO][SyncManagerImpl::NudgeForInitialDownload] Initial download nudge for Saved Tab Group
2026-02-13 14:50:42.008: [INFO][SyncManagerImpl::NudgeForInitialDownload] Initial download nudge for WebAuthn Credentials
2026-02-13 14:50:42.008: [INFO][SyncManagerImpl::ConfigureSyncer] Types to download:  with reason: 3
2026-02-13 14:50:42.008: [INFO][SyncEngineBackend::DoFinishConfigureDataTypes] Failed to download types:  and succeeded types: 
2026-02-13 14:50:42.010: [INFO][Sync] ConfigurationDone, failed: , succeeded: , remaining count: 2
2026-02-13 14:50:42.010: [INFO][Sync] Prepare to configure types: Device Info, Send Tab To Self, Encryption Keys
2026-02-13 14:50:42.010: [INFO][SyncManagerImpl::ConfigureSyncer] Types to download: Device Info, Send Tab To Self, Encryption Keys with reason: 3
2026-02-13 14:50:42.011: [INFO][SyncSchedulerImpl::DoConfigurationSyncCycleJob] Blocked types:  and types to download: Device Info, Send Tab To Self, Encryption Keys
2026-02-13 14:50:42.154: [INFO][SyncAuthManager::SetLastAuthError] Current auth error: None
2026-02-13 14:50:42.154: [INFO][SyncAuthManager::EdgeLogTokenErrorState] Token error with: None for account type: MSA
2026-02-13 14:50:42.154: [INFO][Sync] Credentials changed for: EdgeSyncKeyDataScope
2026-02-13 14:50:42.570: [INFO][SyncEngineBackend::DoFinishConfigureDataTypes] Failed to download types:  and succeeded types: Device Info, Send Tab To Self, Encryption Keys
2026-02-13 14:50:42.571: [INFO][Sync] ConfigurationDone, failed: , succeeded: Device Info, Send Tab To Self, Encryption Keys, remaining count: 1
2026-02-13 14:50:42.574: [INFO][Sync] Prepare to configure types: Extensions, Extension settings, Web Apps, Saved Tab Group, WebAuthn Credentials, Encryption Keys
2026-02-13 14:50:42.913: [INFO][SyncEngineBackend::DoUpdateKeyDataCredentials] Update key data credentials
2026-02-13 14:50:42.913: [INFO][Sync] Connection status changed to: 2
2026-02-13 14:50:42.913: [INFO][SyncManagerImpl::ConfigureSyncer] Types to download: Extensions, Extension settings, Web Apps, Saved Tab Group, WebAuthn Credentials, Encryption Keys with reason: 3
2026-02-13 14:50:42.913: [INFO][SyncSchedulerImpl::DoConfigurationSyncCycleJob] Blocked types:  and types to download: Extensions, Extension settings, Web Apps, Saved Tab Group, WebAuthn Credentials, Encryption Keys
2026-02-13 14:50:43.423: [INFO][SyncEngineBackend::DoFinishConfigureDataTypes] Failed to download types:  and succeeded types: Extensions, Extension settings, Web Apps, Saved Tab Group, WebAuthn Credentials, Encryption Keys
2026-02-13 14:50:43.424: [INFO][Sync] ConfigurationDone, failed: , succeeded: Extensions, Extension settings, Web Apps, Saved Tab Group, WebAuthn Credentials, Encryption Keys, remaining count: 0
2026-02-13 14:50:43.427: [INFO][Sync]     Configuration completed, state: 3
2026-02-13 14:50:43.427: [INFO][Sync] Configured DataTypeManager: Ok
2026-02-13 14:50:44.241: [INFO][Sync] Connection status changed to: 2
2026-02-13 14:50:44.241: [INFO][SyncEngineBackend::DoStartSyncing] Start syncing
2026-02-13 14:50:44.802: [INFO][SyncAuthManager::SetLastAuthError] Current auth error: None
2026-02-13 14:50:44.802: [INFO][SyncAuthManager::EdgeLogTokenErrorState] Token error with: None for account type: MSA
2026-02-13 14:50:44.802: [INFO][Sync] Credentials changed for: EdgeSyncKeyDataScope
2026-02-13 14:50:46.264: [INFO][Sync] Connection status changed to: 2
2026-02-13 14:50:46.264: [INFO][SyncEngineBackend::DoUpdateKeyDataCredentials] Update key data credentials
2026-02-13 14:50:47.065: [INFO][Sync] Connection status changed to: 2
2026-02-13 14:50:49.677: [INFO][SyncAuthManager::SetLastAuthError] Current auth error: None
2026-02-13 14:50:49.677: [INFO][SyncAuthManager::EdgeLogTokenErrorState] Token error with: None for account type: MSA
2026-02-13 14:50:49.677: [INFO][Sync] Credentials changed for: EdgeSyncScopeNew
2026-02-13 14:50:50.257: [INFO][SyncAuthManager::SetLastAuthError] Current auth error: None
2026-02-13 14:50:50.257: [INFO][SyncAuthManager::EdgeLogTokenErrorState] Token error with: None for account type: MSA
2026-02-13 14:50:50.257: [INFO][Sync] Credentials changed for: EdgeSyncKeyDataScope
2026-02-13 14:50:50.257: [INFO][SyncEngineBackend::DoUpdateKeyDataCredentials] Update key data credentials
2026-02-13 14:50:50.257: [INFO][SyncEngineBackend::DoUpdateCredentials] Update credentials
2026-02-13 14:50:51.301: [INFO][Sync] Connection status changed to: 2
2026-02-13 14:50:51.313: [INFO][SyncAuthManager::SetLastAuthError] Current auth error: None
2026-02-13 14:50:51.313: [INFO][SyncAuthManager::EdgeLogTokenErrorState] Token error with: None for account type: MSA
2026-02-13 14:50:51.313: [INFO][Sync] Credentials changed for: EdgeSyncScopeNew
2026-02-13 14:50:57.891: [INFO][SyncAuthManager::SetLastAuthError] Current auth error: None
2026-02-13 14:50:57.891: [INFO][SyncAuthManager::EdgeLogTokenErrorState] Token error with: None for account type: MSA
2026-02-13 14:50:57.891: [INFO][Sync] Credentials changed for: EdgeSyncKeyDataScope
2026-02-13 14:50:57.891: [INFO][SyncEngineBackend::DoUpdateKeyDataCredentials] Update key data credentials
2026-02-13 14:50:57.891: [INFO][SyncEngineBackend::DoUpdateCredentials] Update credentials
2026-02-13 14:50:58.942: [INFO][Sync] Connection status changed to: 2
2026-02-13 14:51:00.662: [INFO][SyncAuthManager::SetLastAuthError] Current auth error: None
2026-02-13 14:51:00.662: [INFO][SyncAuthManager::EdgeLogTokenErrorState] Token error with: None for account type: MSA
2026-02-13 14:51:00.663: [INFO][Sync] Credentials changed for: EdgeSyncScopeNew
2026-02-13 14:51:13.816: [INFO][SyncAuthManager::SetLastAuthError] Current auth error: None
2026-02-13 14:51:13.816: [INFO][SyncAuthManager::EdgeLogTokenErrorState] Token error with: None for account type: MSA
2026-02-13 14:51:13.816: [INFO][Sync] Credentials changed for: EdgeSyncKeyDataScope
2026-02-13 14:51:13.816: [INFO][SyncEngineBackend::DoUpdateKeyDataCredentials] Update key data credentials
2026-02-13 14:51:13.816: [INFO][SyncEngineBackend::DoUpdateCredentials] Update credentials
2026-02-13 14:51:14.961: [INFO][Sync] Connection status changed to: 2
2026-02-13 14:51:18.771: [INFO][SyncAuthManager::SetLastAuthError] Current auth error: None
2026-02-13 14:51:18.771: [INFO][SyncAuthManager::EdgeLogTokenErrorState] Token error with: None for account type: MSA
2026-02-13 14:51:18.772: [INFO][Sync] Credentials changed for: EdgeSyncScopeNew
2026-02-13 14:51:45.985: [INFO][SyncAuthManager::SetLastAuthError] Current auth error: None
2026-02-13 14:51:45.985: [INFO][SyncAuthManager::EdgeLogTokenErrorState] Token error with: None for account type: MSA
2026-02-13 14:51:45.985: [INFO][Sync] Credentials changed for: EdgeSyncKeyDataScope
2026-02-13 14:51:45.985: [INFO][SyncEngineBackend::DoUpdateKeyDataCredentials] Update key data credentials
2026-02-13 14:51:45.985: [INFO][SyncEngineBackend::DoUpdateCredentials] Update credentials
2026-02-13 14:51:47.146: [INFO][Sync] Started DataTypeManager configuration, reason: 5
2026-02-13 14:51:47.147: [INFO][Sync] Configuring for: Passwords, Extensions, Extension settings, Device Info, User Consents, Send Tab To Self, Web Apps, Saved Tab Group, WebAuthn Credentials, Encryption Keys, reason: 5, current state: 3
2026-02-13 14:51:47.148: [INFO][Sync] Configure, desired: Passwords, Extensions, Extension settings, Device Info, User Consents, Send Tab To Self, Web Apps, Saved Tab Group, WebAuthn Credentials, Encryption Keys; Allow fail: 
2026-02-13 14:51:47.148: [INFO][Sync] Loading: Passwords
2026-02-13 14:51:47.150: [INFO][Sync] All data types are ready for configure.
2026-02-13 14:51:47.231: [INFO][SyncEngineBackend::DoStartConfiguration] Start configuration
2026-02-13 14:51:47.231: [INFO][SyncManagerImpl::NudgeForInitialDownload] Initial download nudge for Passwords
2026-02-13 14:51:47.231: [INFO][SyncManagerImpl::ConfigureSyncer] Types to download:  with reason: 5
2026-02-13 14:51:47.231: [INFO][SyncEngineBackend::DoFinishConfigureDataTypes] Failed to download types:  and succeeded types: 
2026-02-13 14:51:47.232: [INFO][Sync] ConfigurationDone, failed: , succeeded: , remaining count: 2
2026-02-13 14:51:47.232: [INFO][Sync] Prepare to configure types: Passwords, Encryption Keys
2026-02-13 14:51:47.233: [INFO][SyncManagerImpl::ConfigureSyncer] Types to download: Passwords, Encryption Keys with reason: 5
2026-02-13 14:51:47.233: [INFO][SyncSchedulerImpl::DoConfigurationSyncCycleJob] Blocked types:  and types to download: Passwords, Encryption Keys
2026-02-13 14:51:47.476: [INFO][SyncEngineBackend::DoFinishConfigureDataTypes] Failed to download types:  and succeeded types: Passwords, Encryption Keys
2026-02-13 14:51:47.478: [INFO][Sync] ConfigurationDone, failed: , succeeded: Passwords, Encryption Keys, remaining count: 1
2026-02-13 14:51:47.481: [INFO][SyncManagerImpl::ConfigureSyncer] Types to download:  with reason: 5
2026-02-13 14:51:47.481: [INFO][SyncEngineBackend::DoFinishConfigureDataTypes] Failed to download types:  and succeeded types: 
2026-02-13 14:51:47.481: [INFO][Sync] ConfigurationDone, failed: , succeeded: , remaining count: 0
2026-02-13 14:51:47.483: [INFO][Sync]     Configuration completed, state: 3
2026-02-13 14:51:47.484: [INFO][Sync] Configured DataTypeManager: Ok
2026-02-13 14:51:47.487: [INFO][SyncEngineBackend::DoStartSyncing] Start syncing
2026-02-13 15:03:44.216: [INFO][Sync] Reset engine, reason: 0
2026-02-13 15:03:44.216: [INFO][Sync] Reset engine with reason: 0
2026-02-13 15:11:45.972: [INFO][Sync] Reset engine, reason: 8
2026-02-13 15:11:45.972: [INFO][Sync] Stopped: Bookmarks
2026-02-13 15:11:45.972: [INFO][Sync] Stopped: Preferences
2026-02-13 15:11:45.972: [INFO][Sync] Stopped: Passwords
2026-02-13 15:11:45.972: [INFO][Sync] Stopped: Autofill Profiles
2026-02-13 15:11:45.972: [INFO][Sync] Stopped: Autofill
2026-02-13 15:11:45.972: [INFO][Sync] Stopped: Extensions
2026-02-13 15:11:45.972: [INFO][Sync] Stopped: Sessions
2026-02-13 15:11:45.972: [INFO][Sync] Stopped: Extension settings
2026-02-13 15:11:45.972: [INFO][Sync] Stopped: History Delete Directives
2026-02-13 15:11:45.972: [INFO][Sync] Stopped: Device Info
2026-02-13 15:11:45.972: [INFO][Sync] Stopped: User Consents
2026-02-13 15:11:45.972: [INFO][Sync] Stopped: Send Tab To Self
2026-02-13 15:11:45.972: [INFO][Sync] Stopped: Web Apps
2026-02-13 15:11:45.972: [INFO][Sync] Stopped: History
2026-02-13 15:11:45.972: [INFO][Sync] Stopped: Saved Tab Group
2026-02-13 15:11:45.972: [INFO][Sync] Stopped: WebAuthn Credentials
2026-02-13 15:11:45.972: [INFO][Sync] Stopped: Collection
2026-02-13 15:11:45.972: [INFO][Sync] Stopped: Edge E Drop
2026-02-13 15:11:45.972: [INFO][Sync] Stopped: Edge Hub App Usage
2026-02-13 15:11:45.972: [INFO][Sync] Stopped: Edge Wallet
2026-02-13 15:11:45.972: [INFO][Sync] SyncState after authenticated was: NotSignedIn
2026-02-13 15:11:46.415: [INFO][Sync] Reset engine, reason: 8
2026-02-13 15:11:46.415: [INFO][Sync] Stopped: Bookmarks
2026-02-13 15:11:46.415: [INFO][Sync] Stopped: Preferences
2026-02-13 15:11:46.415: [INFO][Sync] Stopped: Passwords
2026-02-13 15:11:46.415: [INFO][Sync] Stopped: Autofill Profiles
2026-02-13 15:11:46.415: [INFO][Sync] Stopped: Autofill
2026-02-13 15:11:46.415: [INFO][Sync] Stopped: Extensions
2026-02-13 15:11:46.415: [INFO][Sync] Stopped: Sessions
2026-02-13 15:11:46.415: [INFO][Sync] Stopped: Extension settings
2026-02-13 15:11:46.415: [INFO][Sync] Stopped: History Delete Directives
2026-02-13 15:11:46.415: [INFO][Sync] Stopped: Device Info
2026-02-13 15:11:46.415: [INFO][Sync] Stopped: User Consents
2026-02-13 15:11:46.415: [INFO][Sync] Stopped: Send Tab To Self
2026-02-13 15:11:46.415: [INFO][Sync] Stopped: Web Apps
2026-02-13 15:11:46.415: [INFO][Sync] Stopped: History
2026-02-13 15:11:46.415: [INFO][Sync] Stopped: Saved Tab Group
2026-02-13 15:11:46.415: [INFO][Sync] Stopped: WebAuthn Credentials
2026-02-13 15:11:46.415: [INFO][Sync] Stopped: Collection
2026-02-13 15:11:46.415: [INFO][Sync] Stopped: Edge E Drop
2026-02-13 15:11:46.415: [INFO][Sync] Stopped: Edge Hub App Usage
2026-02-13 15:11:46.415: [INFO][Sync] Stopped: Edge Wallet
2026-02-13 15:11:48.474: [INFO][Sync] Try to start sync engine
2026-02-13 15:11:48.476: [INFO][SyncManagerImpl::NudgeForInitialDownload] Initial download nudge for Encryption Keys
2026-02-13 15:11:48.476: [INFO][SyncEngineBackend::LoadAndConnectNigoriController] Load and connect Nigori controller
2026-02-13 15:11:48.476: [INFO][SyncEngineBackend::DoInitialize] Control Types added: Encryption Keys
2026-02-13 15:11:48.476: [INFO][SyncManagerImpl::ConfigureSyncer] Types to download: Encryption Keys with reason: 3
2026-02-13 15:11:48.476: [INFO][SyncSchedulerImpl::DoConfigurationSyncCycleJob] Configure job was blocked
2026-02-13 15:11:48.556: [INFO][SyncAuthManager::SetLastAuthError] Current auth error: None
2026-02-13 15:11:48.556: [INFO][SyncAuthManager::EdgeLogTokenErrorState] Token error with: None for account type: MSA
2026-02-13 15:11:48.556: [INFO][Sync] Credentials changed for: EdgeSyncScopeNew
2026-02-13 15:11:48.628: [INFO][SyncAuthManager::SetLastAuthError] Current auth error: None
2026-02-13 15:11:48.628: [INFO][SyncAuthManager::EdgeLogTokenErrorState] Token error with: None for account type: MSA
2026-02-13 15:11:48.628: [INFO][Sync] Credentials changed for: EdgeSyncKeyDataScope
2026-02-13 15:11:48.629: [INFO][SyncEngineBackend::DoUpdateKeyDataCredentials] Update key data credentials
2026-02-13 15:11:48.629: [INFO][SyncEngineBackend::DoUpdateCredentials] Update credentials
2026-02-13 15:11:48.629: [INFO][SyncSchedulerImpl::DoConfigurationSyncCycleJob] Blocked types:  and types to download: Encryption Keys
2026-02-13 15:11:49.282: [INFO][Sync] Started DataTypeManager configuration, reason: 4
2026-02-13 15:11:49.282: [INFO][Sync] Configuring for: Bookmarks, Preferences, Passwords, Autofill Profiles, Autofill, Extensions, Sessions, Extension settings, History Delete Directives, Device Info, User Consents, Send Tab To Self, Web Apps, History, Saved Tab Group, WebAuthn Credentials, Collection, Edge E Drop, Edge Hub App Usage, Edge Wallet, Encryption Keys, reason: 4, current state: 0
2026-02-13 15:11:49.282: [WARN][Sync] Crypto error data types: Passwords, Autofill Profiles, Autofill
2026-02-13 15:11:49.285: [INFO][Sync] Configure, desired: Bookmarks, Preferences, Extensions, Sessions, Extension settings, History Delete Directives, Device Info, User Consents, Send Tab To Self, Web Apps, History, Saved Tab Group, WebAuthn Credentials, Collection, Edge E Drop, Edge Hub App Usage, Edge Wallet, Encryption Keys; Allow fail: Passwords, Autofill Profiles, Autofill
2026-02-13 15:11:49.285: [INFO][Sync] Loading: Bookmarks
2026-02-13 15:11:49.285: [INFO][Sync] Loading: Preferences
2026-02-13 15:11:49.285: [INFO][Sync] Loading: Extensions
2026-02-13 15:11:49.285: [INFO][Sync] Loading: Sessions
2026-02-13 15:11:49.285: [INFO][Sync] Loading: Extension settings
2026-02-13 15:11:49.285: [INFO][Sync] Loading: History Delete Directives
2026-02-13 15:11:49.285: [INFO][Sync] Loading: Device Info
2026-02-13 15:11:49.285: [INFO][Sync] Loading: User Consents
2026-02-13 15:11:49.285: [INFO][Sync] Loading: Send Tab To Self
2026-02-13 15:11:49.285: [INFO][Sync] Loading: Web Apps
2026-02-13 15:11:49.285: [INFO][Sync] Loading: History
2026-02-13 15:11:49.285: [INFO][Sync] Loading: Saved Tab Group
2026-02-13 15:11:49.285: [INFO][Sync] Loading: WebAuthn Credentials
2026-02-13 15:11:49.285: [INFO][Sync] Loading: Collection
2026-02-13 15:11:49.285: [INFO][Sync] Loading: Edge E Drop
2026-02-13 15:11:49.285: [INFO][Sync] Loading: Edge Hub App Usage
2026-02-13 15:11:49.285: [INFO][Sync] Loading: Edge Wallet
2026-02-13 15:11:49.290: [INFO][Sync] All data types are ready for configure.
2026-02-13 15:11:50.729: [INFO][Sync] Connection status changed to: 2
2026-02-13 15:11:50.729: [INFO][SyncEngineBackend::DoStartConfiguration] Start configuration
2026-02-13 15:11:50.729: [INFO][SyncManagerImpl::NudgeForInitialDownload] Initial download nudge for Bookmarks
2026-02-13 15:11:50.729: [INFO][SyncManagerImpl::NudgeForInitialDownload] Initial download nudge for Preferences
2026-02-13 15:11:50.729: [INFO][SyncManagerImpl::NudgeForInitialDownload] Initial download nudge for Extensions
2026-02-13 15:11:50.729: [INFO][SyncManagerImpl::NudgeForInitialDownload] Initial download nudge for Sessions
2026-02-13 15:11:50.729: [INFO][SyncManagerImpl::NudgeForInitialDownload] Initial download nudge for Extension settings
2026-02-13 15:11:50.729: [INFO][SyncManagerImpl::NudgeForInitialDownload] Initial download nudge for History Delete Directives
2026-02-13 15:11:50.729: [INFO][SyncManagerImpl::NudgeForInitialDownload] Initial download nudge for Device Info
2026-02-13 15:11:50.729: [INFO][SyncManagerImpl::NudgeForInitialDownload] Initial download nudge for Send Tab To Self
2026-02-13 15:11:50.729: [INFO][SyncManagerImpl::NudgeForInitialDownload] Initial download nudge for Web Apps
2026-02-13 15:11:50.729: [INFO][SyncManagerImpl::NudgeForInitialDownload] Initial download nudge for History
2026-02-13 15:11:50.729: [INFO][SyncManagerImpl::NudgeForInitialDownload] Initial download nudge for Saved Tab Group
2026-02-13 15:11:50.729: [INFO][SyncManagerImpl::NudgeForInitialDownload] Initial download nudge for WebAuthn Credentials
2026-02-13 15:11:50.729: [INFO][SyncManagerImpl::NudgeForInitialDownload] Initial download nudge for Collection
2026-02-13 15:11:50.729: [INFO][SyncManagerImpl::NudgeForInitialDownload] Initial download nudge for Edge E Drop
2026-02-13 15:11:50.729: [INFO][SyncManagerImpl::NudgeForInitialDownload] Initial download nudge for Edge Hub App Usage
2026-02-13 15:11:50.729: [INFO][SyncManagerImpl::NudgeForInitialDownload] Initial download nudge for Edge Wallet
2026-02-13 15:11:50.729: [INFO][SyncManagerImpl::ConfigureSyncer] Types to download:  with reason: 4
2026-02-13 15:11:50.729: [INFO][SyncEngineBackend::DoFinishConfigureDataTypes] Failed to download types:  and succeeded types: 
2026-02-13 15:11:50.731: [INFO][Sync] ConfigurationDone, failed: , succeeded: , remaining count: 4
2026-02-13 15:11:50.731: [INFO][Sync] Prepare to configure types: Preferences, Device Info, Send Tab To Self, Edge E Drop, Encryption Keys
2026-02-13 15:11:50.733: [INFO][SyncManagerImpl::ConfigureSyncer] Types to download: Preferences, Device Info, Send Tab To Self, Edge E Drop, Encryption Keys with reason: 4
2026-02-13 15:11:50.733: [INFO][SyncSchedulerImpl::DoConfigurationSyncCycleJob] Blocked types:  and types to download: Preferences, Device Info, Send Tab To Self, Edge E Drop, Encryption Keys
2026-02-13 15:11:50.901: [INFO][SyncAuthManager::SetLastAuthError] Current auth error: None
2026-02-13 15:11:50.901: [INFO][SyncAuthManager::EdgeLogTokenErrorState] Token error with: None for account type: MSA
2026-02-13 15:11:50.901: [INFO][Sync] Credentials changed for: EdgeSyncKeyDataScope
2026-02-13 15:11:51.092: [INFO][SyncEngineBackend::DoFinishConfigureDataTypes] Failed to download types:  and succeeded types: Preferences, Device Info, Send Tab To Self, Edge E Drop, Encryption Keys
2026-02-13 15:11:51.094: [INFO][Sync] ConfigurationDone, failed: , succeeded: Preferences, Device Info, Send Tab To Self, Edge E Drop, Encryption Keys, remaining count: 3
2026-02-13 15:11:51.094: [INFO][Sync] Prepare to configure types: Bookmarks, Encryption Keys
2026-02-13 15:11:51.507: [INFO][SyncEngineBackend::DoUpdateKeyDataCredentials] Update key data credentials
2026-02-13 15:11:51.507: [INFO][SyncManagerImpl::ConfigureSyncer] Types to download: Bookmarks, Encryption Keys with reason: 4
2026-02-13 15:11:51.507: [INFO][SyncSchedulerImpl::DoConfigurationSyncCycleJob] Blocked types:  and types to download: Bookmarks, Encryption Keys
2026-02-13 15:11:51.507: [INFO][Sync] Connection status changed to: 2
2026-02-13 15:11:51.739: [INFO][SyncEngineBackend::DoFinishConfigureDataTypes] Failed to download types:  and succeeded types: Bookmarks, Encryption Keys
2026-02-13 15:11:51.741: [INFO][Sync] ConfigurationDone, failed: , succeeded: Bookmarks, Encryption Keys, remaining count: 2
2026-02-13 15:11:51.741: [INFO][Sync] Prepare to configure types: Extensions, Sessions, Extension settings, History Delete Directives, Web Apps, Saved Tab Group, WebAuthn Credentials, Collection, Edge Hub App Usage, Edge Wallet, Encryption Keys
2026-02-13 15:11:52.080: [INFO][Sync] Connection status changed to: 2
2026-02-13 15:11:52.080: [INFO][SyncManagerImpl::ConfigureSyncer] Types to download: Extensions, Sessions, Extension settings, History Delete Directives, Web Apps, Saved Tab Group, WebAuthn Credentials, Collection, Edge Hub App Usage, Edge Wallet, Encryption Keys with reason: 4
2026-02-13 15:11:52.080: [INFO][SyncSchedulerImpl::DoConfigurationSyncCycleJob] Blocked types:  and types to download: Extensions, Sessions, Extension settings, History Delete Directives, Web Apps, Saved Tab Group, WebAuthn Credentials, Collection, Edge Hub App Usage, Edge Wallet, Encryption Keys
2026-02-13 15:11:52.439: [INFO][SyncEngineBackend::DoFinishConfigureDataTypes] Failed to download types:  and succeeded types: Extensions, Sessions, Extension settings, History Delete Directives, Web Apps, Saved Tab Group, WebAuthn Credentials, Collection, Edge Hub App Usage, Edge Wallet, Encryption Keys
2026-02-13 15:11:52.441: [INFO][Sync] ConfigurationDone, failed: , succeeded: Extensions, Sessions, Extension settings, History Delete Directives, Web Apps, Saved Tab Group, WebAuthn Credentials, Collection, Edge Hub App Usage, Edge Wallet, Encryption Keys, remaining count: 1
2026-02-13 15:11:52.443: [INFO][Sync] Prepare to configure types: History, Encryption Keys
2026-02-13 15:11:52.821: [INFO][Sync] Connection status changed to: 2
2026-02-13 15:11:52.821: [INFO][SyncManagerImpl::ConfigureSyncer] Types to download: History, Encryption Keys with reason: 4
2026-02-13 15:11:52.821: [INFO][SyncSchedulerImpl::DoConfigurationSyncCycleJob] Blocked types:  and types to download: History, Encryption Keys
2026-02-13 15:11:53.105: [INFO][SyncEngineBackend::DoFinishConfigureDataTypes] Failed to download types:  and succeeded types: History, Encryption Keys
2026-02-13 15:11:53.107: [INFO][Sync] ConfigurationDone, failed: , succeeded: History, Encryption Keys, remaining count: 0
2026-02-13 15:11:53.109: [INFO][Sync]     Configuration completed, state: 3
2026-02-13 15:11:53.109: [INFO][Sync] Configured DataTypeManager: Ok
2026-02-13 15:11:53.530: [INFO][Sync] Connection status changed to: 2
2026-02-13 15:11:53.530: [INFO][SyncEngineBackend::DoStartSyncing] Start syncing
2026-02-13 15:11:53.630: [INFO][SyncAuthManager::SetLastAuthError] Current auth error: None
2026-02-13 15:11:53.630: [INFO][SyncAuthManager::EdgeLogTokenErrorState] Token error with: None for account type: MSA
2026-02-13 15:11:53.630: [INFO][Sync] Credentials changed for: EdgeSyncKeyDataScope
2026-02-13 15:11:54.756: [INFO][SyncEngineBackend::DoUpdateKeyDataCredentials] Update key data credentials
2026-02-13 15:11:54.758: [INFO][Sync] Connection status changed to: 2
2026-02-13 15:11:55.538: [INFO][Sync] Connection status changed to: 2
2026-02-13 15:11:56.079: [INFO][SyncAuthManager::SetLastAuthError] Current auth error: None
2026-02-13 15:11:56.079: [INFO][SyncAuthManager::EdgeLogTokenErrorState] Token error with: None for account type: MSA
2026-02-13 15:11:56.079: [INFO][Sync] Credentials changed for: EdgeSyncScopeNew
2026-02-13 15:11:58.580: [INFO][SyncAuthManager::SetLastAuthError] Current auth error: None
2026-02-13 15:11:58.580: [INFO][SyncAuthManager::EdgeLogTokenErrorState] Token error with: None for account type: MSA
2026-02-13 15:11:58.580: [INFO][Sync] Credentials changed for: EdgeSyncKeyDataScope
2026-02-13 15:11:58.580: [INFO][SyncEngineBackend::DoUpdateKeyDataCredentials] Update key data credentials
2026-02-13 15:11:58.580: [INFO][SyncEngineBackend::DoUpdateCredentials] Update credentials
2026-02-13 15:11:59.922: [INFO][Sync] Connection status changed to: 2
2026-02-13 15:12:01.645: [INFO][SyncAuthManager::SetLastAuthError] Current auth error: None
2026-02-13 15:12:01.645: [INFO][SyncAuthManager::EdgeLogTokenErrorState] Token error with: None for account type: MSA
2026-02-13 15:12:01.645: [INFO][Sync] Credentials changed for: EdgeSyncScopeNew
2026-02-13 15:12:07.693: [INFO][SyncAuthManager::SetLastAuthError] Current auth error: None
2026-02-13 15:12:07.693: [INFO][SyncAuthManager::EdgeLogTokenErrorState] Token error with: None for account type: MSA
2026-02-13 15:12:07.693: [INFO][Sync] Credentials changed for: EdgeSyncKeyDataScope
2026-02-13 15:12:07.693: [INFO][SyncEngineBackend::DoUpdateKeyDataCredentials] Update key data credentials
2026-02-13 15:12:07.693: [INFO][SyncEngineBackend::DoUpdateCredentials] Update credentials
2026-02-13 15:12:08.847: [INFO][Sync] Connection status changed to: 2
2026-02-13 15:12:12.551: [INFO][SyncAuthManager::SetLastAuthError] Current auth error: None
2026-02-13 15:12:12.551: [INFO][SyncAuthManager::EdgeLogTokenErrorState] Token error with: None for account type: MSA
2026-02-13 15:12:12.551: [INFO][Sync] Credentials changed for: EdgeSyncScopeNew
2026-02-13 15:12:24.945: [INFO][SyncAuthManager::SetLastAuthError] Current auth error: None
2026-02-13 15:12:24.945: [INFO][SyncAuthManager::EdgeLogTokenErrorState] Token error with: None for account type: MSA
2026-02-13 15:12:24.945: [INFO][Sync] Credentials changed for: EdgeSyncKeyDataScope
2026-02-13 15:12:24.947: [INFO][SyncEngineBackend::DoUpdateKeyDataCredentials] Update key data credentials
2026-02-13 15:12:24.948: [INFO][SyncEngineBackend::DoUpdateCredentials] Update credentials
2026-02-13 15:12:26.429: [INFO][Sync] Started DataTypeManager configuration, reason: 5
2026-02-13 15:12:26.430: [INFO][Sync] Configuring for: Bookmarks, Preferences, Passwords, Autofill Profiles, Autofill, Extensions, Sessions, Extension settings, History Delete Directives, Device Info, User Consents, Send Tab To Self, Web Apps, History, Saved Tab Group, WebAuthn Credentials, Collection, Edge E Drop, Edge Hub App Usage, Edge Wallet, Encryption Keys, reason: 5, current state: 3
2026-02-13 15:12:26.430: [INFO][SyncEngineBackend::DoStartConfiguration] Start configuration
2026-02-13 15:12:26.431: [INFO][Sync] Configure, desired: Bookmarks, Preferences, Passwords, Autofill Profiles, Autofill, Extensions, Sessions, Extension settings, History Delete Directives, Device Info, User Consents, Send Tab To Self, Web Apps, History, Saved Tab Group, WebAuthn Credentials, Collection, Edge E Drop, Edge Hub App Usage, Edge Wallet, Encryption Keys; Allow fail: 
2026-02-13 15:12:26.431: [INFO][Sync] Loading: Passwords
2026-02-13 15:12:26.431: [INFO][Sync] Loading: Autofill Profiles
2026-02-13 15:12:26.431: [INFO][Sync] Loading: Autofill
2026-02-13 15:12:26.434: [INFO][Sync] All data types are ready for configure.
2026-02-13 15:12:26.435: [INFO][SyncManagerImpl::NudgeForInitialDownload] Initial download nudge for Passwords
2026-02-13 15:12:26.436: [INFO][SyncManagerImpl::NudgeForInitialDownload] Initial download nudge for Autofill Profiles
2026-02-13 15:12:26.436: [INFO][SyncManagerImpl::NudgeForInitialDownload] Initial download nudge for Autofill
2026-02-13 15:12:26.436: [INFO][SyncManagerImpl::ConfigureSyncer] Types to download:  with reason: 5
2026-02-13 15:12:26.436: [INFO][SyncEngineBackend::DoFinishConfigureDataTypes] Failed to download types:  and succeeded types: 
2026-02-13 15:12:26.436: [INFO][Sync] ConfigurationDone, failed: , succeeded: , remaining count: 4
2026-02-13 15:12:26.436: [INFO][Sync] Prepare to configure types: Passwords, Encryption Keys
2026-02-13 15:12:26.436: [INFO][SyncManagerImpl::ConfigureSyncer] Types to download: Passwords, Encryption Keys with reason: 5
2026-02-13 15:12:26.436: [INFO][SyncSchedulerImpl::DoConfigurationSyncCycleJob] Blocked types:  and types to download: Passwords, Encryption Keys
2026-02-13 15:12:26.669: [INFO][SyncEngineBackend::DoFinishConfigureDataTypes] Failed to download types:  and succeeded types: Passwords, Encryption Keys
2026-02-13 15:12:26.671: [INFO][Sync] ConfigurationDone, failed: , succeeded: Passwords, Encryption Keys, remaining count: 3
2026-02-13 15:12:26.672: [INFO][SyncManagerImpl::ConfigureSyncer] Types to download:  with reason: 5
2026-02-13 15:12:26.672: [INFO][SyncEngineBackend::DoFinishConfigureDataTypes] Failed to download types:  and succeeded types: 
2026-02-13 15:12:26.682: [INFO][Sync] ConfigurationDone, failed: , succeeded: , remaining count: 2
2026-02-13 15:12:26.682: [INFO][Sync] Prepare to configure types: Autofill Profiles, Autofill, Encryption Keys
2026-02-13 15:12:26.682: [INFO][SyncManagerImpl::ConfigureSyncer] Types to download: Autofill Profiles, Autofill, Encryption Keys with reason: 5
2026-02-13 15:12:26.683: [INFO][SyncSchedulerImpl::DoConfigurationSyncCycleJob] Blocked types:  and types to download: Autofill Profiles, Autofill, Encryption Keys
2026-02-13 15:12:27.009: [INFO][SyncEngineBackend::DoFinishConfigureDataTypes] Failed to download types:  and succeeded types: Autofill Profiles, Autofill, Encryption Keys
2026-02-13 15:12:27.011: [INFO][Sync] ConfigurationDone, failed: , succeeded: Autofill Profiles, Autofill, Encryption Keys, remaining count: 1
2026-02-13 15:12:27.014: [INFO][SyncManagerImpl::ConfigureSyncer] Types to download:  with reason: 5
2026-02-13 15:12:27.014: [INFO][SyncEngineBackend::DoFinishConfigureDataTypes] Failed to download types:  and succeeded types: 
2026-02-13 15:12:27.014: [INFO][Sync] ConfigurationDone, failed: , succeeded: , remaining count: 0
2026-02-13 15:12:27.017: [INFO][Sync]     Configuration completed, state: 3
2026-02-13 15:12:27.018: [INFO][Sync] Configured DataTypeManager: Ok
2026-02-13 15:12:27.022: [INFO][SyncEngineBackend::DoStartSyncing] Start syncing
2026-02-13 15:20:17.754: [INFO][Sync] Reset engine, reason: 0
2026-02-13 15:20:17.754: [INFO][Sync] Reset engine with reason: 0
